<?xml version="1.0" encoding="UTF-8"?>
<!-- Generated by org.testng.reporters.JUnitReportReporter -->
<testsuite hostname="WINDOWS-1Q1O6H7" failures="0" tests="1" name="com.ReqresProject1.reqresProjectfrom_Postman.TC_1_getTheDataOPage_2" time="4.973" errors="0" timestamp="2022-09-24T15:56:22 IST" skipped="0">
  <testcase classname="com.ReqresProject1.reqresProjectfrom_Postman.TC_1_getTheDataOPage_2" name="validate_the_1st_data_and_its_id" time="4.973"/>
  <system-out/>
</testsuite> <!-- com.ReqresProject1.reqresProjectfrom_Postman.TC_1_getTheDataOPage_2 -->
